d:\projetosc++\aedav2\stockmarket\debug\vc140.pdb
d:\projetosc++\aedav2\stockmarket\debug\vc140.idb
d:\projetosc++\aedav2\stockmarket\debug\client.obj
d:\projetosc++\aedav2\stockmarket\debug\company.obj
d:\projetosc++\aedav2\stockmarket\debug\date.obj
d:\projetosc++\aedav2\stockmarket\debug\main.obj
d:\projetosc++\aedav2\stockmarket\debug\market.obj
d:\projetosc++\aedav2\stockmarket\debug\menus.obj
d:\projetosc++\aedav2\stockmarket\debug\order.obj
d:\projetosc++\aedav2\stockmarket\debug\transaction.obj
d:\projetosc++\aedav2\stockmarket\debug\utils.obj
d:\projetosc++\aedav2\stockmarket\debug\investor.obj
d:\projetosc++\aedav2\stockmarket\debug\stockmarket.ilk
d:\projetosc++\aedav2\stockmarket\debug\stockmarket.exe
d:\projetosc++\aedav2\stockmarket\debug\stockmarket.pdb
d:\projetosc++\aedav2\stockmarket\debug\menus.obj.enc
d:\projetosc++\aedav2\stockmarket\debug\stockmarket.tlog\cl.command.1.tlog
d:\projetosc++\aedav2\stockmarket\debug\stockmarket.tlog\cl.read.1.tlog
d:\projetosc++\aedav2\stockmarket\debug\stockmarket.tlog\cl.write.1.tlog
d:\projetosc++\aedav2\stockmarket\debug\stockmarket.tlog\link.command.1.tlog
d:\projetosc++\aedav2\stockmarket\debug\stockmarket.tlog\link.read.1.tlog
d:\projetosc++\aedav2\stockmarket\debug\stockmarket.tlog\link.write.1.tlog
